# JRE version: OpenJDK Runtime Environment (8.0_171-b11) (build 1.8.0_171-8u171-b11-0ubuntu0.17.10.1-b11)
# Java VM: OpenJDK 64-Bit Server VM (25.171-b11 mixed mode linux-amd64 compressed oops)
Heap:
 PSYoungGen      total 327168K, used 352K [0x00000000d7100000, 0x00000000eb480000, 0x0000000100000000)
  eden space 323072K, 0% used [0x00000000d7100000,0x00000000d7100000,0x00000000eac80000)
  from space 4096K, 8% used [0x00000000eac80000,0x00000000eacd8000,0x00000000eb080000)
  to   space 4096K, 0% used [0x00000000eb080000,0x00000000eb080000,0x00000000eb480000)
 ParOldGen       total 84992K, used 6791K [0x0000000085200000, 0x000000008a500000, 0x00000000d7100000)
  object space 84992K, 7% used [0x0000000085200000,0x00000000858a1c40,0x000000008a500000)
 Metaspace       used 20994K, capacity 21214K, committed 21248K, reserved 1069056K
  class space    used 2469K, capacity 2547K, committed 2560K, reserved 1048576K
GC Heap History (10 events):
Event: 3.962 GC heap after
Heap after GC invocations=8 (full 0):
 PSYoungGen      total 129024K, used 1141K [0x00000000d7100000, 0x00000000df200000, 0x0000000100000000)
  eden space 125952K, 0% used [0x00000000d7100000,0x00000000d7100000,0x00000000dec00000)
  from space 3072K, 37% used [0x00000000def00000,0x00000000df01d4e8,0x00000000df200000)
  to   space 3072K, 0% used [0x00000000dec00000,0x00000000dec00000,0x00000000def00000)
 ParOldGen       total 84992K, used 1929K [0x0000000085200000, 0x000000008a500000, 0x00000000d7100000)
  object space 84992K, 2% used [0x0000000085200000,0x00000000853e26e0,0x000000008a500000)
 Metaspace       used 9546K, capacity 9710K, committed 9856K, reserved 1058816K
  class space    used 1106K, capacity 1147K, committed 1152K, reserved 1048576K
}
Event: 4.819 GC heap before
{Heap before GC invocations=9 (full 0):
 PSYoungGen      total 129024K, used 127093K [0x00000000d7100000, 0x00000000df200000, 0x0000000100000000)
  eden space 125952K, 100% used [0x00000000d7100000,0x00000000dec00000,0x00000000dec00000)
  from space 3072K, 37% used [0x00000000def00000,0x00000000df01d4e8,0x00000000df200000)
  to   space 3072K, 0% used [0x00000000dec00000,0x00000000dec00000,0x00000000def00000)
 ParOldGen       total 84992K, used 1929K [0x0000000085200000, 0x000000008a500000, 0x00000000d7100000)
  object space 84992K, 2% used [0x0000000085200000,0x00000000853e26e0,0x000000008a500000)
 Metaspace       used 10616K, capacity 10804K, committed 11008K, reserved 1058816K
  class space    used 1247K, capacity 1276K, committed 1280K, reserved 1048576K
Event: 4.822 GC heap after
Heap after GC invocations=9 (full 0):
 PSYoungGen      total 129024K, used 1420K [0x00000000d7100000, 0x00000000e3c00000, 0x0000000100000000)
  eden space 125952K, 0% used [0x00000000d7100000,0x00000000d7100000,0x00000000dec00000)
  from space 3072K, 46% used [0x00000000dec00000,0x00000000ded63168,0x00000000def00000)
  to   space 3072K, 0% used [0x00000000e3900000,0x00000000e3900000,0x00000000e3c00000)
 ParOldGen       total 84992K, used 2161K [0x0000000085200000, 0x000000008a500000, 0x00000000d7100000)
  object space 84992K, 2% used [0x0000000085200000,0x000000008541c6e0,0x000000008a500000)
 Metaspace       used 10616K, capacity 10804K, committed 11008K, reserved 1058816K
  class space    used 1247K, capacity 1276K, committed 1280K, reserved 1048576K
}
Event: 5.682 GC heap before
{Heap before GC invocations=10 (full 0):
 PSYoungGen      total 129024K, used 127372K [0x00000000d7100000, 0x00000000e3c00000, 0x0000000100000000)
  eden space 125952K, 100% used [0x00000000d7100000,0x00000000dec00000,0x00000000dec00000)
  from space 3072K, 46% used [0x00000000dec00000,0x00000000ded63168,0x00000000def00000)
  to   space 3072K, 0% used [0x00000000e3900000,0x00000000e3900000,0x00000000e3c00000)
 ParOldGen       total 84992K, used 2161K [0x0000000085200000, 0x000000008a500000, 0x00000000d7100000)
  object space 84992K, 2% used [0x0000000085200000,0x000000008541c6e0,0x000000008a500000)
 Metaspace       used 13147K, capacity 13300K, committed 13440K, reserved 1060864K
  class space    used 1562K, capacity 1596K, committed 1664K, reserved 1048576K
Event: 5.686 GC heap after
Heap after GC invocations=10 (full 0):
 PSYoungGen      total 204800K, used 2741K [0x00000000d7100000, 0x00000000e3c00000, 0x0000000100000000)
  eden space 201728K, 0% used [0x00000000d7100000,0x00000000d7100000,0x00000000e3600000)
  from space 3072K, 89% used [0x00000000e3900000,0x00000000e3bad6c0,0x00000000e3c00000)
  to   space 3072K, 0% used [0x00000000e3600000,0x00000000e3600000,0x00000000e3900000)
 ParOldGen       total 84992K, used 2457K [0x0000000085200000, 0x000000008a500000, 0x00000000d7100000)
  object space 84992K, 2% used [0x0000000085200000,0x00000000854666f0,0x000000008a500000)
 Metaspace       used 13147K, capacity 13300K, committed 13440K, reserved 1060864K
  class space    used 1562K, capacity 1596K, committed 1664K, reserved 1048576K
}
Event: 6.509 GC heap before
{Heap before GC invocations=11 (full 0):
 PSYoungGen      total 204800K, used 204469K [0x00000000d7100000, 0x00000000e3c00000, 0x0000000100000000)
  eden space 201728K, 100% used [0x00000000d7100000,0x00000000e3600000,0x00000000e3600000)
  from space 3072K, 89% used [0x00000000e3900000,0x00000000e3bad6c0,0x00000000e3c00000)
  to   space 3072K, 0% used [0x00000000e3600000,0x00000000e3600000,0x00000000e3900000)
 ParOldGen       total 84992K, used 2457K [0x0000000085200000, 0x000000008a500000, 0x00000000d7100000)
  object space 84992K, 2% used [0x0000000085200000,0x00000000854666f0,0x000000008a500000)
 Metaspace       used 17366K, capacity 17606K, committed 17792K, reserved 1064960K
  class space    used 2063K, capacity 2111K, committed 2176K, reserved 1048576K
Event: 6.526 GC heap after
Heap after GC invocations=11 (full 0):
 PSYoungGen      total 204800K, used 3040K [0x00000000d7100000, 0x00000000eb480000, 0x0000000100000000)
  eden space 201728K, 0% used [0x00000000d7100000,0x00000000d7100000,0x00000000e3600000)
  from space 3072K, 98% used [0x00000000e3600000,0x00000000e38f80e8,0x00000000e3900000)
  to   space 4096K, 0% used [0x00000000eb080000,0x00000000eb080000,0x00000000eb480000)
 ParOldGen       total 84992K, used 4175K [0x0000000085200000, 0x000000008a500000, 0x00000000d7100000)
  object space 84992K, 4% used [0x0000000085200000,0x0000000085613d38,0x000000008a500000)
 Metaspace       used 17366K, capacity 17606K, committed 17792K, reserved 1064960K
  class space    used 2063K, capacity 2111K, committed 2176K, reserved 1048576K
}
Event: 7.864 GC heap before
{Heap before GC invocations=12 (full 0):
 PSYoungGen      total 204800K, used 204768K [0x00000000d7100000, 0x00000000eb480000, 0x0000000100000000)
  eden space 201728K, 100% used [0x00000000d7100000,0x00000000e3600000,0x00000000e3600000)
  from space 3072K, 98% used [0x00000000e3600000,0x00000000e38f80e8,0x00000000e3900000)
  to   space 4096K, 0% used [0x00000000eb080000,0x00000000eb080000,0x00000000eb480000)
 ParOldGen       total 84992K, used 4175K [0x0000000085200000, 0x000000008a500000, 0x00000000d7100000)
  object space 84992K, 4% used [0x0000000085200000,0x0000000085613d38,0x000000008a500000)
 Metaspace       used 20395K, capacity 20638K, committed 20736K, reserved 1067008K
  class space    used 2423K, capacity 2483K, committed 2560K, reserved 1048576K
Event: 7.884 GC heap after
Heap after GC invocations=12 (full 0):
 PSYoungGen      total 327168K, used 2879K [0x00000000d7100000, 0x00000000eb480000, 0x0000000100000000)
  eden space 323072K, 0% used [0x00000000d7100000,0x00000000d7100000,0x00000000eac80000)
  from space 4096K, 70% used [0x00000000eb080000,0x00000000eb34fc30,0x00000000eb480000)
  to   space 4096K, 0% used [0x00000000eac80000,0x00000000eac80000,0x00000000eb080000)
 ParOldGen       total 84992K, used 5202K [0x0000000085200000, 0x000000008a500000, 0x00000000d7100000)
  object space 84992K, 6% used [0x0000000085200000,0x0000000085714bb8,0x000000008a500000)
 Metaspace       used 20395K, capacity 20638K, committed 20736K, reserved 1067008K
  class space    used 2423K, capacity 2483K, committed 2560K, reserved 1048576K
}
Event: 36.289 GC heap before
{Heap before GC invocations=13 (full 0):
 PSYoungGen      total 327168K, used 26898K [0x00000000d7100000, 0x00000000eb480000, 0x0000000100000000)
  eden space 323072K, 7% used [0x00000000d7100000,0x00000000d8874ed8,0x00000000eac80000)
  from space 4096K, 70% used [0x00000000eb080000,0x00000000eb34fc30,0x00000000eb480000)
  to   space 4096K, 0% used [0x00000000eac80000,0x00000000eac80000,0x00000000eb080000)
 ParOldGen       total 84992K, used 5202K [0x0000000085200000, 0x000000008a500000, 0x00000000d7100000)
  object space 84992K, 6% used [0x0000000085200000,0x0000000085714bb8,0x000000008a500000)
 Metaspace       used 20994K, capacity 21214K, committed 21248K, reserved 1069056K
  class space    used 2469K, capacity 2547K, committed 2560K, reserved 1048576K

