# JRE version: OpenJDK Runtime Environment (8.0_171-b11) (build 1.8.0_171-8u171-b11-0ubuntu0.17.10.1-b11)
# Java VM: OpenJDK 64-Bit Server VM (25.171-b11 mixed mode linux-amd64 compressed oops)
Heap:
 PSYoungGen      total 258048K, used 3910K [0x00000000d7100000, 0x00000000e7200000, 0x0000000100000000)
  eden space 253440K, 0% used [0x00000000d7100000,0x00000000d7100000,0x00000000e6880000)
  from space 4608K, 84% used [0x00000000e6880000,0x00000000e6c51908,0x00000000e6d00000)
  to   space 4096K, 0% used [0x00000000e6d00000,0x00000000e6d00000,0x00000000e7100000)
 ParOldGen       total 84992K, used 1676K [0x0000000085200000, 0x000000008a500000, 0x00000000d7100000)
  object space 84992K, 1% used [0x0000000085200000,0x00000000853a33e8,0x000000008a500000)
 Metaspace       used 13200K, capacity 13308K, committed 13440K, reserved 1060864K
  class space    used 1569K, capacity 1596K, committed 1664K, reserved 1048576K
GC Heap History (10 events):
Event: 1.894 GC heap after
Heap after GC invocations=2 (full 0):
 PSYoungGen      total 68608K, used 1936K [0x00000000d7100000, 0x00000000db900000, 0x0000000100000000)
  eden space 63488K, 0% used [0x00000000d7100000,0x00000000d7100000,0x00000000daf00000)
  from space 5120K, 37% used [0x00000000db400000,0x00000000db5e4010,0x00000000db900000)
  to   space 5120K, 0% used [0x00000000daf00000,0x00000000daf00000,0x00000000db400000)
 ParOldGen       total 84992K, used 8K [0x0000000085200000, 0x000000008a500000, 0x00000000d7100000)
  object space 84992K, 0% used [0x0000000085200000,0x0000000085202000,0x000000008a500000)
 Metaspace       used 5228K, capacity 5364K, committed 5504K, reserved 1056768K
  class space    used 554K, capacity 600K, committed 640K, reserved 1048576K
}
Event: 2.860 GC heap before
{Heap before GC invocations=3 (full 0):
 PSYoungGen      total 68608K, used 65424K [0x00000000d7100000, 0x00000000db900000, 0x0000000100000000)
  eden space 63488K, 100% used [0x00000000d7100000,0x00000000daf00000,0x00000000daf00000)
  from space 5120K, 37% used [0x00000000db400000,0x00000000db5e4010,0x00000000db900000)
  to   space 5120K, 0% used [0x00000000daf00000,0x00000000daf00000,0x00000000db400000)
 ParOldGen       total 84992K, used 8K [0x0000000085200000, 0x000000008a500000, 0x00000000d7100000)
  object space 84992K, 0% used [0x0000000085200000,0x0000000085202000,0x000000008a500000)
 Metaspace       used 6280K, capacity 6500K, committed 6656K, reserved 1056768K
  class space    used 691K, capacity 760K, committed 768K, reserved 1048576K
Event: 2.865 GC heap after
Heap after GC invocations=3 (full 0):
 PSYoungGen      total 68608K, used 2442K [0x00000000d7100000, 0x00000000df700000, 0x0000000100000000)
  eden space 63488K, 0% used [0x00000000d7100000,0x00000000d7100000,0x00000000daf00000)
  from space 5120K, 47% used [0x00000000daf00000,0x00000000db162a10,0x00000000db400000)
  to   space 5120K, 0% used [0x00000000df200000,0x00000000df200000,0x00000000df700000)
 ParOldGen       total 84992K, used 8K [0x0000000085200000, 0x000000008a500000, 0x00000000d7100000)
  object space 84992K, 0% used [0x0000000085200000,0x0000000085202000,0x000000008a500000)
 Metaspace       used 6280K, capacity 6500K, committed 6656K, reserved 1056768K
  class space    used 691K, capacity 760K, committed 768K, reserved 1048576K
}
Event: 3.149 GC heap before
{Heap before GC invocations=4 (full 0):
 PSYoungGen      total 68608K, used 65930K [0x00000000d7100000, 0x00000000df700000, 0x0000000100000000)
  eden space 63488K, 100% used [0x00000000d7100000,0x00000000daf00000,0x00000000daf00000)
  from space 5120K, 47% used [0x00000000daf00000,0x00000000db162a10,0x00000000db400000)
  to   space 5120K, 0% used [0x00000000df200000,0x00000000df200000,0x00000000df700000)
 ParOldGen       total 84992K, used 8K [0x0000000085200000, 0x000000008a500000, 0x00000000d7100000)
  object space 84992K, 0% used [0x0000000085200000,0x0000000085202000,0x000000008a500000)
 Metaspace       used 7331K, capacity 7478K, committed 7552K, reserved 1056768K
  class space    used 829K, capacity 891K, committed 896K, reserved 1048576K
Event: 3.156 GC heap after
Heap after GC invocations=4 (full 0):
 PSYoungGen      total 132096K, used 2640K [0x00000000d7100000, 0x00000000df700000, 0x0000000100000000)
  eden space 126976K, 0% used [0x00000000d7100000,0x00000000d7100000,0x00000000ded00000)
  from space 5120K, 51% used [0x00000000df200000,0x00000000df494010,0x00000000df700000)
  to   space 5120K, 0% used [0x00000000ded00000,0x00000000ded00000,0x00000000df200000)
 ParOldGen       total 84992K, used 8K [0x0000000085200000, 0x000000008a500000, 0x00000000d7100000)
  object space 84992K, 0% used [0x0000000085200000,0x0000000085202000,0x000000008a500000)
 Metaspace       used 7331K, capacity 7478K, committed 7552K, reserved 1056768K
  class space    used 829K, capacity 891K, committed 896K, reserved 1048576K
}
Event: 3.898 GC heap before
{Heap before GC invocations=5 (full 0):
 PSYoungGen      total 132096K, used 129616K [0x00000000d7100000, 0x00000000df700000, 0x0000000100000000)
  eden space 126976K, 100% used [0x00000000d7100000,0x00000000ded00000,0x00000000ded00000)
  from space 5120K, 51% used [0x00000000df200000,0x00000000df494010,0x00000000df700000)
  to   space 5120K, 0% used [0x00000000ded00000,0x00000000ded00000,0x00000000df200000)
 ParOldGen       total 84992K, used 8K [0x0000000085200000, 0x000000008a500000, 0x00000000d7100000)
  object space 84992K, 0% used [0x0000000085200000,0x0000000085202000,0x000000008a500000)
 Metaspace       used 9115K, capacity 9270K, committed 9344K, reserved 1056768K
  class space    used 1043K, capacity 1083K, committed 1152K, reserved 1048576K
Event: 3.922 GC heap after
Heap after GC invocations=5 (full 0):
 PSYoungGen      total 132096K, used 4160K [0x00000000d7100000, 0x00000000e7100000, 0x0000000100000000)
  eden space 126976K, 0% used [0x00000000d7100000,0x00000000d7100000,0x00000000ded00000)
  from space 5120K, 81% used [0x00000000ded00000,0x00000000df110158,0x00000000df200000)
  to   space 4096K, 0% used [0x00000000e6d00000,0x00000000e6d00000,0x00000000e7100000)
 ParOldGen       total 84992K, used 16K [0x0000000085200000, 0x000000008a500000, 0x00000000d7100000)
  object space 84992K, 0% used [0x0000000085200000,0x0000000085204000,0x000000008a500000)
 Metaspace       used 9115K, capacity 9270K, committed 9344K, reserved 1056768K
  class space    used 1043K, capacity 1083K, committed 1152K, reserved 1048576K
}
Event: 4.618 GC heap before
{Heap before GC invocations=6 (full 0):
 PSYoungGen      total 132096K, used 131136K [0x00000000d7100000, 0x00000000e7100000, 0x0000000100000000)
  eden space 126976K, 100% used [0x00000000d7100000,0x00000000ded00000,0x00000000ded00000)
  from space 5120K, 81% used [0x00000000ded00000,0x00000000df110158,0x00000000df200000)
  to   space 4096K, 0% used [0x00000000e6d00000,0x00000000e6d00000,0x00000000e7100000)
 ParOldGen       total 84992K, used 16K [0x0000000085200000, 0x000000008a500000, 0x00000000d7100000)
  object space 84992K, 0% used [0x0000000085200000,0x0000000085204000,0x000000008a500000)
 Metaspace       used 10079K, capacity 10236K, committed 10496K, reserved 1058816K
  class space    used 1169K, capacity 1212K, committed 1280K, reserved 1048576K
Event: 4.645 GC heap after
Heap after GC invocations=6 (full 0):
 PSYoungGen      total 257536K, used 3598K [0x00000000d7100000, 0x00000000e7200000, 0x0000000100000000)
  eden space 253440K, 0% used [0x00000000d7100000,0x00000000d7100000,0x00000000e6880000)
  from space 4096K, 87% used [0x00000000e6d00000,0x00000000e7083900,0x00000000e7100000)
  to   space 4608K, 0% used [0x00000000e6880000,0x00000000e6880000,0x00000000e6d00000)
 ParOldGen       total 84992K, used 24K [0x0000000085200000, 0x000000008a500000, 0x00000000d7100000)
  object space 84992K, 0% used [0x0000000085200000,0x0000000085206000,0x000000008a500000)
 Metaspace       used 10079K, capacity 10236K, committed 10496K, reserved 1058816K
  class space    used 1169K, capacity 1212K, committed 1280K, reserved 1048576K
}
Event: 5.705 GC heap before
{Heap before GC invocations=7 (full 0):
 PSYoungGen      total 257536K, used 257038K [0x00000000d7100000, 0x00000000e7200000, 0x0000000100000000)
  eden space 253440K, 100% used [0x00000000d7100000,0x00000000e6880000,0x00000000e6880000)
  from space 4096K, 87% used [0x00000000e6d00000,0x00000000e7083900,0x00000000e7100000)
  to   space 4608K, 0% used [0x00000000e6880000,0x00000000e6880000,0x00000000e6d00000)
 ParOldGen       total 84992K, used 24K [0x0000000085200000, 0x000000008a500000, 0x00000000d7100000)
  object space 84992K, 0% used [0x0000000085200000,0x0000000085206000,0x000000008a500000)
 Metaspace       used 13200K, capacity 13308K, committed 13440K, reserved 1060864K
  class space    used 1569K, capacity 1596K, committed 1664K, reserved 1048576K

